# JRE version: Java(TM) SE Runtime Environment (8.0_91-b14) (build 1.8.0_91-b14)
# Java VM: Java HotSpot(TM) 64-Bit Server VM (25.91-b14 mixed mode windows-amd64 compressed oops)
Heap:
 PSYoungGen      total 38400K, used 36244K [0x00000000d5d00000, 0x00000000d8780000, 0x0000000100000000)
  eden space 33280K, 93% used [0x00000000d5d00000,0x00000000d7b6a6d0,0x00000000d7d80000)
  from space 5120K, 99% used [0x00000000d7d80000,0x00000000d827a9c0,0x00000000d8280000)
  to   space 5120K, 0% used [0x00000000d8280000,0x00000000d8280000,0x00000000d8780000)
 ParOldGen       total 149504K, used 126100K [0x0000000081600000, 0x000000008a800000, 0x00000000d5d00000)
  object space 149504K, 84% used [0x0000000081600000,0x0000000089125098,0x000000008a800000)
 Metaspace       used 10503K, capacity 10667K, committed 10880K, reserved 1058816K
  class space    used 1035K, capacity 1116K, committed 1152K, reserved 1048576K
GC Heap History (6 events):
Event: 1.434 GC heap before
{Heap before GC invocations=1 (full 0):
 PSYoungGen      total 38400K, used 32524K [0x00000000d5d00000, 0x00000000d8780000, 0x0000000100000000)
  eden space 33280K, 97% used [0x00000000d5d00000,0x00000000d7cc3020,0x00000000d7d80000)
  from space 5120K, 0% used [0x00000000d8280000,0x00000000d8280000,0x00000000d8780000)
  to   space 5120K, 0% used [0x00000000d7d80000,0x00000000d7d80000,0x00000000d8280000)
 ParOldGen       total 87552K, used 0K [0x0000000081600000, 0x0000000086b80000, 0x00000000d5d00000)
  object space 87552K, 0% used [0x0000000081600000,0x0000000081600000,0x0000000086b80000)
 Metaspace       used 9750K, capacity 9963K, committed 10368K, reserved 1058816K
  class space    used 981K, capacity 1052K, committed 1152K, reserved 1048576K
Event: 1.438 GC heap after
Heap after GC invocations=1 (full 0):
 PSYoungGen      total 38400K, used 5117K [0x00000000d5d00000, 0x00000000d8780000, 0x0000000100000000)
  eden space 33280K, 0% used [0x00000000d5d00000,0x00000000d5d00000,0x00000000d7d80000)
  from space 5120K, 99% used [0x00000000d7d80000,0x00000000d827f690,0x00000000d8280000)
  to   space 5120K, 0% used [0x00000000d8280000,0x00000000d8280000,0x00000000d8780000)
 ParOldGen       total 87552K, used 1121K [0x0000000081600000, 0x0000000086b80000, 0x00000000d5d00000)
  object space 87552K, 1% used [0x0000000081600000,0x0000000081718740,0x0000000086b80000)
 Metaspace       used 9750K, capacity 9963K, committed 10368K, reserved 1058816K
  class space    used 981K, capacity 1052K, committed 1152K, reserved 1048576K
}
Event: 2.549 GC heap before
{Heap before GC invocations=2 (full 0):
 PSYoungGen      total 38400K, used 38143K [0x00000000d5d00000, 0x00000000d8780000, 0x0000000100000000)
  eden space 33280K, 99% used [0x00000000d5d00000,0x00000000d7d40600,0x00000000d7d80000)
  from space 5120K, 99% used [0x00000000d7d80000,0x00000000d827f690,0x00000000d8280000)
  to   space 5120K, 0% used [0x00000000d8280000,0x00000000d8280000,0x00000000d8780000)
 ParOldGen       total 87552K, used 62149K [0x0000000081600000, 0x0000000086b80000, 0x00000000d5d00000)
  object space 87552K, 70% used [0x0000000081600000,0x00000000852b1760,0x0000000086b80000)
 Metaspace       used 9910K, capacity 10123K, committed 10368K, reserved 1058816K
  class space    used 997K, capacity 1084K, committed 1152K, reserved 1048576K
Event: 2.552 GC heap after
Heap after GC invocations=2 (full 0):
 PSYoungGen      total 38400K, used 2728K [0x00000000d5d00000, 0x00000000d8780000, 0x0000000100000000)
  eden space 33280K, 0% used [0x00000000d5d00000,0x00000000d5d00000,0x00000000d7d80000)
  from space 5120K, 53% used [0x00000000d8280000,0x00000000d852a280,0x00000000d8780000)
  to   space 5120K, 0% used [0x00000000d7d80000,0x00000000d7d80000,0x00000000d8280000)
 ParOldGen       total 87552K, used 62157K [0x0000000081600000, 0x0000000086b80000, 0x00000000d5d00000)
  object space 87552K, 70% used [0x0000000081600000,0x00000000852b3760,0x0000000086b80000)
 Metaspace       used 9910K, capacity 10123K, committed 10368K, reserved 1058816K
  class space    used 997K, capacity 1084K, committed 1152K, reserved 1048576K
}
Event: 30.051 GC heap before
{Heap before GC invocations=3 (full 0):
 PSYoungGen      total 38400K, used 32170K [0x00000000d5d00000, 0x00000000d8780000, 0x0000000100000000)
  eden space 33280K, 88% used [0x00000000d5d00000,0x00000000d79c0840,0x00000000d7d80000)
  from space 5120K, 53% used [0x00000000d8280000,0x00000000d852a280,0x00000000d8780000)
  to   space 5120K, 0% used [0x00000000d7d80000,0x00000000d7d80000,0x00000000d8280000)
 ParOldGen       total 87552K, used 62157K [0x0000000081600000, 0x0000000086b80000, 0x00000000d5d00000)
  object space 87552K, 70% used [0x0000000081600000,0x00000000852b3760,0x0000000086b80000)
 Metaspace       used 10494K, capacity 10667K, committed 10880K, reserved 1058816K
  class space    used 1035K, capacity 1116K, committed 1152K, reserved 1048576K
Event: 30.055 GC heap after
Heap after GC invocations=3 (full 0):
 PSYoungGen      total 38400K, used 5098K [0x00000000d5d00000, 0x00000000d8780000, 0x0000000100000000)
  eden space 33280K, 0% used [0x00000000d5d00000,0x00000000d5d00000,0x00000000d7d80000)
  from space 5120K, 99% used [0x00000000d7d80000,0x00000000d827a9c0,0x00000000d8280000)
  to   space 5120K, 0% used [0x00000000d8280000,0x00000000d8280000,0x00000000d8780000)
 ParOldGen       total 87552K, used 65072K [0x0000000081600000, 0x0000000086b80000, 0x00000000d5d00000)
  object space 87552K, 74% used [0x0000000081600000,0x000000008558c078,0x0000000086b80000)
 Metaspace       used 10494K, capacity 10667K, committed 10880K, reserved 1058816K
  class space    used 1035K, capacity 1116K, committed 1152K, reserved 1048576K
}

